{"C:\\Users\\Tai_Bui\\Desktop\\personal\\jobs\\COL\\modal-component\\src\\components\\Modal\\index.tsx": {"path":"C:\\Users\\Tai_Bui\\Desktop\\personal\\jobs\\COL\\modal-component\\src\\components\\Modal\\index.tsx","all":false,"statementMap":{"0":{"start":{"line":1,"column":0},"end":{"line":1,"column":70}},"1":{"start":{"line":2,"column":0},"end":{"line":2,"column":41}},"2":{"start":{"line":3,"column":0},"end":{"line":3,"column":45}},"3":{"start":{"line":4,"column":0},"end":{"line":4,"column":41}},"4":{"start":{"line":5,"column":0},"end":{"line":5,"column":70}},"5":{"start":{"line":6,"column":0},"end":{"line":6,"column":0}},"6":{"start":{"line":7,"column":0},"end":{"line":7,"column":29}},"7":{"start":{"line":8,"column":0},"end":{"line":8,"column":24}},"8":{"start":{"line":9,"column":0},"end":{"line":9,"column":22}},"9":{"start":{"line":10,"column":0},"end":{"line":10,"column":18}},"10":{"start":{"line":11,"column":0},"end":{"line":11,"column":16}},"11":{"start":{"line":12,"column":0},"end":{"line":12,"column":20}},"12":{"start":{"line":13,"column":0},"end":{"line":13,"column":25}},"13":{"start":{"line":14,"column":0},"end":{"line":14,"column":21}},"14":{"start":{"line":15,"column":0},"end":{"line":15,"column":21}},"15":{"start":{"line":16,"column":0},"end":{"line":16,"column":24}},"16":{"start":{"line":17,"column":0},"end":{"line":17,"column":21}},"17":{"start":{"line":18,"column":0},"end":{"line":18,"column":17}},"18":{"start":{"line":19,"column":0},"end":{"line":19,"column":18}},"19":{"start":{"line":20,"column":0},"end":{"line":20,"column":28}},"20":{"start":{"line":21,"column":0},"end":{"line":21,"column":24}},"21":{"start":{"line":22,"column":0},"end":{"line":22,"column":28}},"22":{"start":{"line":23,"column":0},"end":{"line":23,"column":21}},"23":{"start":{"line":24,"column":0},"end":{"line":24,"column":17}},"24":{"start":{"line":25,"column":0},"end":{"line":25,"column":25}},"25":{"start":{"line":26,"column":0},"end":{"line":26,"column":27}},"26":{"start":{"line":27,"column":0},"end":{"line":27,"column":23}},"27":{"start":{"line":28,"column":0},"end":{"line":28,"column":21}},"28":{"start":{"line":29,"column":0},"end":{"line":29,"column":24}},"29":{"start":{"line":30,"column":0},"end":{"line":30,"column":1}},"30":{"start":{"line":31,"column":0},"end":{"line":31,"column":0}},"31":{"start":{"line":32,"column":0},"end":{"line":32,"column":77}},"32":{"start":{"line":33,"column":0},"end":{"line":33,"column":27}},"33":{"start":{"line":34,"column":0},"end":{"line":34,"column":26}},"34":{"start":{"line":35,"column":0},"end":{"line":35,"column":26}},"35":{"start":{"line":36,"column":0},"end":{"line":36,"column":25}},"36":{"start":{"line":37,"column":0},"end":{"line":37,"column":2}},"37":{"start":{"line":38,"column":0},"end":{"line":38,"column":0}},"38":{"start":{"line":39,"column":0},"end":{"line":39,"column":21}},"39":{"start":{"line":40,"column":0},"end":{"line":40,"column":0}},"40":{"start":{"line":41,"column":0},"end":{"line":41,"column":50}},"41":{"start":{"line":42,"column":0},"end":{"line":42,"column":9}},"42":{"start":{"line":43,"column":0},"end":{"line":43,"column":27}},"43":{"start":{"line":44,"column":0},"end":{"line":44,"column":17}},"44":{"start":{"line":45,"column":0},"end":{"line":45,"column":17}},"45":{"start":{"line":46,"column":0},"end":{"line":46,"column":26}},"46":{"start":{"line":47,"column":0},"end":{"line":47,"column":20}},"47":{"start":{"line":48,"column":0},"end":{"line":48,"column":18}},"48":{"start":{"line":49,"column":0},"end":{"line":49,"column":16}},"49":{"start":{"line":50,"column":0},"end":{"line":50,"column":18}},"50":{"start":{"line":51,"column":0},"end":{"line":51,"column":25}},"51":{"start":{"line":52,"column":0},"end":{"line":52,"column":21}},"52":{"start":{"line":53,"column":0},"end":{"line":53,"column":19}},"53":{"start":{"line":54,"column":0},"end":{"line":54,"column":20}},"54":{"start":{"line":55,"column":0},"end":{"line":55,"column":11}},"55":{"start":{"line":56,"column":0},"end":{"line":56,"column":16}},"56":{"start":{"line":57,"column":0},"end":{"line":57,"column":24}},"57":{"start":{"line":58,"column":0},"end":{"line":58,"column":21}},"58":{"start":{"line":59,"column":0},"end":{"line":59,"column":27}},"59":{"start":{"line":60,"column":0},"end":{"line":60,"column":19}},"60":{"start":{"line":61,"column":0},"end":{"line":61,"column":15}},"61":{"start":{"line":62,"column":0},"end":{"line":62,"column":20}},"62":{"start":{"line":63,"column":0},"end":{"line":63,"column":19}},"63":{"start":{"line":64,"column":0},"end":{"line":64,"column":22}},"64":{"start":{"line":65,"column":0},"end":{"line":65,"column":12}},"65":{"start":{"line":66,"column":0},"end":{"line":66,"column":0}},"66":{"start":{"line":67,"column":0},"end":{"line":67,"column":48}},"67":{"start":{"line":68,"column":0},"end":{"line":68,"column":43}},"68":{"start":{"line":69,"column":0},"end":{"line":69,"column":0}},"69":{"start":{"line":70,"column":0},"end":{"line":70,"column":41}},"70":{"start":{"line":71,"column":0},"end":{"line":71,"column":35}},"71":{"start":{"line":72,"column":0},"end":{"line":72,"column":26}},"72":{"start":{"line":73,"column":0},"end":{"line":73,"column":18}},"73":{"start":{"line":74,"column":0},"end":{"line":74,"column":5}},"74":{"start":{"line":75,"column":0},"end":{"line":75,"column":3}},"75":{"start":{"line":76,"column":0},"end":{"line":76,"column":0}},"76":{"start":{"line":77,"column":0},"end":{"line":77,"column":44}},"77":{"start":{"line":78,"column":0},"end":{"line":78,"column":96}},"78":{"start":{"line":79,"column":0},"end":{"line":79,"column":35}},"79":{"start":{"line":80,"column":0},"end":{"line":80,"column":18}},"80":{"start":{"line":81,"column":0},"end":{"line":81,"column":5}},"81":{"start":{"line":82,"column":0},"end":{"line":82,"column":3}},"82":{"start":{"line":83,"column":0},"end":{"line":83,"column":0}},"83":{"start":{"line":84,"column":0},"end":{"line":84,"column":47}},"84":{"start":{"line":85,"column":0},"end":{"line":85,"column":30}},"85":{"start":{"line":86,"column":0},"end":{"line":86,"column":3}},"86":{"start":{"line":87,"column":0},"end":{"line":87,"column":0}},"87":{"start":{"line":88,"column":0},"end":{"line":88,"column":43}},"88":{"start":{"line":89,"column":0},"end":{"line":89,"column":22}},"89":{"start":{"line":90,"column":0},"end":{"line":90,"column":3}},"90":{"start":{"line":91,"column":0},"end":{"line":91,"column":0}},"91":{"start":{"line":92,"column":0},"end":{"line":92,"column":19}},"92":{"start":{"line":93,"column":0},"end":{"line":93,"column":21}},"93":{"start":{"line":94,"column":0},"end":{"line":94,"column":13}},"94":{"start":{"line":95,"column":0},"end":{"line":95,"column":0}},"95":{"start":{"line":96,"column":0},"end":{"line":96,"column":19}},"96":{"start":{"line":97,"column":0},"end":{"line":97,"column":45}},"97":{"start":{"line":98,"column":0},"end":{"line":98,"column":16}},"98":{"start":{"line":99,"column":0},"end":{"line":99,"column":0}},"99":{"start":{"line":100,"column":0},"end":{"line":100,"column":49}},"100":{"start":{"line":101,"column":0},"end":{"line":101,"column":31}},"101":{"start":{"line":102,"column":0},"end":{"line":102,"column":0}},"102":{"start":{"line":103,"column":0},"end":{"line":103,"column":22}},"103":{"start":{"line":104,"column":0},"end":{"line":104,"column":79}},"104":{"start":{"line":105,"column":0},"end":{"line":105,"column":37}},"105":{"start":{"line":106,"column":0},"end":{"line":106,"column":12}},"106":{"start":{"line":107,"column":0},"end":{"line":107,"column":18}},"107":{"start":{"line":108,"column":0},"end":{"line":108,"column":60}},"108":{"start":{"line":109,"column":0},"end":{"line":109,"column":23}},"109":{"start":{"line":110,"column":0},"end":{"line":110,"column":39}},"110":{"start":{"line":111,"column":0},"end":{"line":111,"column":63}},"111":{"start":{"line":112,"column":0},"end":{"line":112,"column":12}},"112":{"start":{"line":113,"column":0},"end":{"line":113,"column":48}},"113":{"start":{"line":114,"column":0},"end":{"line":114,"column":9}},"114":{"start":{"line":115,"column":0},"end":{"line":115,"column":155}},"115":{"start":{"line":116,"column":0},"end":{"line":116,"column":151}},"116":{"start":{"line":117,"column":0},"end":{"line":117,"column":16}},"117":{"start":{"line":118,"column":0},"end":{"line":118,"column":31}},"118":{"start":{"line":119,"column":0},"end":{"line":119,"column":27}},"119":{"start":{"line":120,"column":0},"end":{"line":120,"column":36}},"120":{"start":{"line":121,"column":0},"end":{"line":121,"column":26}},"121":{"start":{"line":122,"column":0},"end":{"line":122,"column":56}},"122":{"start":{"line":123,"column":0},"end":{"line":123,"column":80}},"123":{"start":{"line":124,"column":0},"end":{"line":124,"column":33}},"124":{"start":{"line":125,"column":0},"end":{"line":125,"column":13}},"125":{"start":{"line":126,"column":0},"end":{"line":126,"column":77}},"126":{"start":{"line":127,"column":0},"end":{"line":127,"column":23}},"127":{"start":{"line":128,"column":0},"end":{"line":128,"column":20}},"128":{"start":{"line":129,"column":0},"end":{"line":129,"column":28}},"129":{"start":{"line":130,"column":0},"end":{"line":130,"column":135}},"130":{"start":{"line":131,"column":0},"end":{"line":131,"column":92}},"131":{"start":{"line":132,"column":0},"end":{"line":132,"column":25}},"132":{"start":{"line":133,"column":0},"end":{"line":133,"column":16}},"133":{"start":{"line":134,"column":0},"end":{"line":134,"column":94}},"134":{"start":{"line":135,"column":0},"end":{"line":135,"column":26}},"135":{"start":{"line":136,"column":0},"end":{"line":136,"column":20}},"136":{"start":{"line":137,"column":0},"end":{"line":137,"column":39}},"137":{"start":{"line":138,"column":0},"end":{"line":138,"column":80}},"138":{"start":{"line":139,"column":0},"end":{"line":139,"column":59}},"139":{"start":{"line":140,"column":0},"end":{"line":140,"column":110}},"140":{"start":{"line":141,"column":0},"end":{"line":141,"column":30}},"141":{"start":{"line":142,"column":0},"end":{"line":142,"column":29}},"142":{"start":{"line":143,"column":0},"end":{"line":143,"column":27}},"143":{"start":{"line":144,"column":0},"end":{"line":144,"column":50}},"144":{"start":{"line":145,"column":0},"end":{"line":145,"column":55}},"145":{"start":{"line":146,"column":0},"end":{"line":146,"column":52}},"146":{"start":{"line":147,"column":0},"end":{"line":147,"column":21}},"147":{"start":{"line":148,"column":0},"end":{"line":148,"column":34}},"148":{"start":{"line":149,"column":0},"end":{"line":149,"column":29}},"149":{"start":{"line":150,"column":0},"end":{"line":150,"column":24}},"150":{"start":{"line":151,"column":0},"end":{"line":151,"column":22}},"151":{"start":{"line":152,"column":0},"end":{"line":152,"column":25}},"152":{"start":{"line":153,"column":0},"end":{"line":153,"column":18}},"153":{"start":{"line":154,"column":0},"end":{"line":154,"column":16}},"154":{"start":{"line":155,"column":0},"end":{"line":155,"column":14}},"155":{"start":{"line":156,"column":0},"end":{"line":156,"column":8}},"156":{"start":{"line":157,"column":0},"end":{"line":157,"column":17}},"157":{"start":{"line":158,"column":0},"end":{"line":158,"column":60}},"158":{"start":{"line":159,"column":0},"end":{"line":159,"column":96}},"159":{"start":{"line":160,"column":0},"end":{"line":160,"column":94}},"160":{"start":{"line":161,"column":0},"end":{"line":161,"column":15}},"161":{"start":{"line":162,"column":0},"end":{"line":162,"column":30}},"162":{"start":{"line":163,"column":0},"end":{"line":163,"column":26}},"163":{"start":{"line":164,"column":0},"end":{"line":164,"column":35}},"164":{"start":{"line":165,"column":0},"end":{"line":165,"column":25}},"165":{"start":{"line":166,"column":0},"end":{"line":166,"column":55}},"166":{"start":{"line":167,"column":0},"end":{"line":167,"column":79}},"167":{"start":{"line":168,"column":0},"end":{"line":168,"column":12}},"168":{"start":{"line":169,"column":0},"end":{"line":169,"column":49}},"169":{"start":{"line":170,"column":0},"end":{"line":170,"column":65}},"170":{"start":{"line":171,"column":0},"end":{"line":171,"column":22}},"171":{"start":{"line":172,"column":0},"end":{"line":172,"column":19}},"172":{"start":{"line":173,"column":0},"end":{"line":173,"column":27}},"173":{"start":{"line":174,"column":0},"end":{"line":174,"column":104}},"174":{"start":{"line":175,"column":0},"end":{"line":175,"column":91}},"175":{"start":{"line":176,"column":0},"end":{"line":176,"column":24}},"176":{"start":{"line":177,"column":0},"end":{"line":177,"column":15}},"177":{"start":{"line":178,"column":0},"end":{"line":178,"column":68}},"178":{"start":{"line":179,"column":0},"end":{"line":179,"column":25}},"179":{"start":{"line":180,"column":0},"end":{"line":180,"column":19}},"180":{"start":{"line":181,"column":0},"end":{"line":181,"column":38}},"181":{"start":{"line":182,"column":0},"end":{"line":182,"column":52}},"182":{"start":{"line":183,"column":0},"end":{"line":183,"column":58}},"183":{"start":{"line":184,"column":0},"end":{"line":184,"column":82}},"184":{"start":{"line":185,"column":0},"end":{"line":185,"column":29}},"185":{"start":{"line":186,"column":0},"end":{"line":186,"column":28}},"186":{"start":{"line":187,"column":0},"end":{"line":187,"column":26}},"187":{"start":{"line":188,"column":0},"end":{"line":188,"column":49}},"188":{"start":{"line":189,"column":0},"end":{"line":189,"column":54}},"189":{"start":{"line":190,"column":0},"end":{"line":190,"column":20}},"190":{"start":{"line":191,"column":0},"end":{"line":191,"column":33}},"191":{"start":{"line":192,"column":0},"end":{"line":192,"column":28}},"192":{"start":{"line":193,"column":0},"end":{"line":193,"column":23}},"193":{"start":{"line":194,"column":0},"end":{"line":194,"column":21}},"194":{"start":{"line":195,"column":0},"end":{"line":195,"column":24}},"195":{"start":{"line":196,"column":0},"end":{"line":196,"column":17}},"196":{"start":{"line":197,"column":0},"end":{"line":197,"column":15}},"197":{"start":{"line":198,"column":0},"end":{"line":198,"column":13}},"198":{"start":{"line":199,"column":0},"end":{"line":199,"column":5}},"199":{"start":{"line":200,"column":0},"end":{"line":200,"column":17}},"200":{"start":{"line":201,"column":0},"end":{"line":201,"column":3}},"201":{"start":{"line":202,"column":0},"end":{"line":202,"column":1}}},"s":{"0":1,"1":1,"2":1,"3":1,"4":1,"5":1,"6":1,"7":1,"8":1,"9":1,"10":1,"11":1,"12":1,"13":1,"14":1,"15":1,"16":1,"17":1,"18":1,"19":1,"20":1,"21":1,"22":1,"23":1,"24":1,"25":1,"26":1,"27":1,"28":1,"29":1,"30":1,"31":1,"32":1,"33":1,"34":1,"35":1,"36":1,"37":1,"38":1,"39":1,"40":16,"41":16,"42":16,"43":16,"44":16,"45":16,"46":16,"47":16,"48":16,"49":16,"50":16,"51":16,"52":16,"53":16,"54":16,"55":16,"56":16,"57":16,"58":16,"59":16,"60":16,"61":16,"62":16,"63":16,"64":16,"65":16,"66":16,"67":16,"68":16,"69":16,"70":0,"71":0,"72":0,"73":0,"74":0,"75":16,"76":16,"77":4,"78":4,"79":1,"80":1,"81":4,"82":16,"83":16,"84":1,"85":1,"86":16,"87":16,"88":1,"89":1,"90":16,"91":16,"92":9,"93":16,"94":16,"95":16,"96":15,"97":16,"98":16,"99":16,"100":16,"101":16,"102":16,"103":16,"104":16,"105":22,"106":22,"107":22,"108":22,"109":22,"110":22,"111":22,"112":22,"113":22,"114":22,"115":22,"116":22,"117":22,"118":22,"119":22,"120":22,"121":22,"122":22,"123":22,"124":22,"125":22,"126":22,"127":22,"128":22,"129":19,"130":19,"131":19,"132":22,"133":22,"134":22,"135":22,"136":22,"137":16,"138":16,"139":16,"140":16,"141":16,"142":16,"143":16,"144":16,"145":16,"146":16,"147":16,"148":16,"149":16,"150":16,"151":6,"152":22,"153":22,"154":22,"155":16,"156":16,"157":16,"158":16,"159":16,"160":16,"161":16,"162":16,"163":16,"164":16,"165":16,"166":16,"167":16,"168":16,"169":16,"170":16,"171":16,"172":16,"173":16,"174":16,"175":16,"176":16,"177":16,"178":16,"179":16,"180":16,"181":16,"182":16,"183":16,"184":16,"185":16,"186":16,"187":16,"188":16,"189":16,"190":16,"191":16,"192":16,"193":16,"194":16,"195":16,"196":16,"197":16,"198":16,"199":16,"200":16,"201":16},"branchMap":{"0":{"type":"branch","line":41,"loc":{"start":{"line":41,"column":0},"end":{"line":202,"column":1}},"locations":[{"start":{"line":41,"column":0},"end":{"line":202,"column":1}}]},"1":{"type":"branch","line":77,"loc":{"start":{"line":77,"column":31},"end":{"line":82,"column":3}},"locations":[{"start":{"line":77,"column":31},"end":{"line":82,"column":3}}]},"2":{"type":"branch","line":78,"loc":{"start":{"line":78,"column":89},"end":{"line":79,"column":24}},"locations":[{"start":{"line":78,"column":89},"end":{"line":79,"column":24}}]},"3":{"type":"branch","line":79,"loc":{"start":{"line":79,"column":8},"end":{"line":79,"column":34}},"locations":[{"start":{"line":79,"column":8},"end":{"line":79,"column":34}}]},"4":{"type":"branch","line":79,"loc":{"start":{"line":79,"column":34},"end":{"line":81,"column":5}},"locations":[{"start":{"line":79,"column":34},"end":{"line":81,"column":5}}]},"5":{"type":"branch","line":84,"loc":{"start":{"line":84,"column":34},"end":{"line":86,"column":3}},"locations":[{"start":{"line":84,"column":34},"end":{"line":86,"column":3}}]},"6":{"type":"branch","line":88,"loc":{"start":{"line":88,"column":30},"end":{"line":90,"column":3}},"locations":[{"start":{"line":88,"column":30},"end":{"line":90,"column":3}}]},"7":{"type":"branch","line":92,"loc":{"start":{"line":92,"column":12},"end":{"line":94,"column":5}},"locations":[{"start":{"line":92,"column":12},"end":{"line":94,"column":5}}]},"8":{"type":"branch","line":96,"loc":{"start":{"line":96,"column":12},"end":{"line":98,"column":5}},"locations":[{"start":{"line":96,"column":12},"end":{"line":98,"column":5}}]},"9":{"type":"branch","line":97,"loc":{"start":{"line":97,"column":9},"end":{"line":97,"column":32}},"locations":[{"start":{"line":97,"column":9},"end":{"line":97,"column":32}}]},"10":{"type":"branch","line":97,"loc":{"start":{"line":97,"column":32},"end":{"line":97,"column":45}},"locations":[{"start":{"line":97,"column":32},"end":{"line":97,"column":45}}]},"11":{"type":"branch","line":105,"loc":{"start":{"line":105,"column":7},"end":{"line":155,"column":14}},"locations":[{"start":{"line":105,"column":7},"end":{"line":155,"column":14}}]},"12":{"type":"branch","line":115,"loc":{"start":{"line":115,"column":11},"end":{"line":115,"column":155}},"locations":[{"start":{"line":115,"column":11},"end":{"line":115,"column":155}}]},"13":{"type":"branch","line":115,"loc":{"start":{"line":115,"column":79},"end":{"line":115,"column":100}},"locations":[{"start":{"line":115,"column":79},"end":{"line":115,"column":100}}]},"14":{"type":"branch","line":115,"loc":{"start":{"line":115,"column":89},"end":{"line":115,"column":106}},"locations":[{"start":{"line":115,"column":89},"end":{"line":115,"column":106}}]},"15":{"type":"branch","line":116,"loc":{"start":{"line":116,"column":93},"end":{"line":116,"column":114}},"locations":[{"start":{"line":116,"column":93},"end":{"line":116,"column":114}}]},"16":{"type":"branch","line":116,"loc":{"start":{"line":116,"column":103},"end":{"line":116,"column":120}},"locations":[{"start":{"line":116,"column":103},"end":{"line":116,"column":120}}]},"17":{"type":"branch","line":123,"loc":{"start":{"line":123,"column":64},"end":{"line":123,"column":78}},"locations":[{"start":{"line":123,"column":64},"end":{"line":123,"column":78}}]},"18":{"type":"branch","line":129,"loc":{"start":{"line":129,"column":15},"end":{"line":132,"column":25}},"locations":[{"start":{"line":129,"column":15},"end":{"line":132,"column":25}}]},"19":{"type":"branch","line":131,"loc":{"start":{"line":131,"column":31},"end":{"line":131,"column":92}},"locations":[{"start":{"line":131,"column":31},"end":{"line":131,"column":92}}]},"20":{"type":"branch","line":137,"loc":{"start":{"line":137,"column":26},"end":{"line":151,"column":22}},"locations":[{"start":{"line":137,"column":26},"end":{"line":151,"column":22}}]},"21":{"type":"branch","line":151,"loc":{"start":{"line":151,"column":16},"end":{"line":152,"column":25}},"locations":[{"start":{"line":151,"column":16},"end":{"line":152,"column":25}}]}},"b":{"0":[16],"1":[4],"2":[2],"3":[1],"4":[1],"5":[1],"6":[1],"7":[9],"8":[15],"9":[9],"10":[9],"11":[22],"12":[19],"13":[8],"14":[11],"15":[9],"16":[13],"17":[0],"18":[19],"19":[0],"20":[16],"21":[6]},"fnMap":{"0":{"name":"Modal","decl":{"start":{"line":41,"column":0},"end":{"line":202,"column":1}},"loc":{"start":{"line":41,"column":0},"end":{"line":202,"column":1}},"line":41},"1":{"name":"afterClose","decl":{"start":{"line":43,"column":17},"end":{"line":43,"column":27}},"loc":{"start":{"line":43,"column":17},"end":{"line":43,"column":27}},"line":43},"2":{"name":"onCancel","decl":{"start":{"line":51,"column":15},"end":{"line":51,"column":25}},"loc":{"start":{"line":51,"column":15},"end":{"line":51,"column":25}},"line":51},"3":{"name":"onOk","decl":{"start":{"line":52,"column":11},"end":{"line":52,"column":21}},"loc":{"start":{"line":52,"column":11},"end":{"line":52,"column":21}},"line":52},"4":{"name":"handleClickOnMask","decl":{"start":{"line":70,"column":28},"end":{"line":75,"column":3}},"loc":{"start":{"line":70,"column":28},"end":{"line":75,"column":3}},"line":70},"5":{"name":"handleClickOnWrapper","decl":{"start":{"line":77,"column":31},"end":{"line":82,"column":3}},"loc":{"start":{"line":77,"column":31},"end":{"line":82,"column":3}},"line":77},"6":{"name":"handleClickCancelButton","decl":{"start":{"line":84,"column":34},"end":{"line":86,"column":3}},"loc":{"start":{"line":84,"column":34},"end":{"line":86,"column":3}},"line":84},"7":{"name":"handleClickOkButton","decl":{"start":{"line":88,"column":30},"end":{"line":90,"column":3}},"loc":{"start":{"line":88,"column":30},"end":{"line":90,"column":3}},"line":88},"8":{"name":"children","decl":{"start":{"line":105,"column":7},"end":{"line":155,"column":14}},"loc":{"start":{"line":105,"column":7},"end":{"line":155,"column":14}},"line":105}},"f":{"0":16,"1":0,"2":0,"3":0,"4":0,"5":4,"6":1,"7":1,"8":22}}
}
